<?xml version="1.0" encoding="UTF-8"?>
<testsuite name="com.test.RunTest" time="0.005" tests="11" errors="0" skipped="0" failures="0">
  <properties>
[...]
</properties>
  <testcase name="Given I navigate to the Chase site" classname="Scenario: Test Search" time="0.002"/>
  <testcase name="And I am on the Chase Home page" classname="Scenario: Test Search" time="0"/>
  <testcase name="When I enter Chase Pay for the Search field" classname="Scenario: Test Search" time="0"/>
  <testcase name="And I select the Click Search button" classname="Scenario: Test Search" time="0"/>
  <testcase name="Then I select the Apple Pay link" classname="Scenario: Test Search" time="0"/>
  <testcase name="Scenario: Test Search" classname="Scenario: Test Search" time="0.002"/>
  <testcase name="Given I navigate to the Amazon site" classname="Scenario: Amazon Search" time="0"/>
  <testcase name="And I am on the Amazon Home page" classname="Scenario: Amazon Search" time="0"/>
  <testcase name="When I enter Xbox for the Search field" classname="Scenario: Amazon Search" time="0"/>
  <testcase name="Then I select the Go button" classname="Scenario: Amazon Search" time="0"/>
  <testcase name="Scenario: Amazon Search" classname="Scenario: Amazon Search" time="0.001"/>
</testsuite>